C51 COMPILER V9.60.7.0   LAB1                                                              02/12/2025 15:29:15 PAGE 1   


C51 COMPILER V9.60.7.0, COMPILATION OF MODULE LAB1
OBJECT MODULE PLACED IN .\Objects\LAB1.obj
COMPILER INVOKED BY: D:\Keil_v5\C51\BIN\C51.EXE LAB1.c OPTIMIZE(8,SPEED) BROWSE DEBUG OBJECTEXTEND PRINT(.\Listings\LAB1
                    -.lst) TABS(2) OBJECT(.\Objects\LAB1.obj)

line level    source

   1          #include <REGX51.H>
   2          void main (void)
   3          {
   4   1      while(1)
   5   1      {
   6   2      ;
   7   2      }
   8   1      }


MODULE INFORMATION:   STATIC OVERLAYABLE
   CODE SIZE        =      2    ----
   CONSTANT SIZE    =   ----    ----
   XDATA SIZE       =   ----    ----
   PDATA SIZE       =   ----    ----
   DATA SIZE        =   ----    ----
   IDATA SIZE       =   ----    ----
   BIT SIZE         =   ----    ----
END OF MODULE INFORMATION.


C51 COMPILATION COMPLETE.  0 WARNING(S),  0 ERROR(S)
